  [4;36;1mSQL (0.3ms)[0m   [0;1m SELECT name
 FROM sqlite_master
 WHERE type = 'table' AND NOT name = 'sqlite_sequence'
[0m
  [4;35;1mSQL (0.2ms)[0m   [0mselect sqlite_version(*)[0m
  [4;36;1mSQL (5.5ms)[0m   [0;1mCREATE TABLE "schema_migrations" ("version" varchar(255) NOT NULL) [0m
  [4;35;1mSQL (5.5ms)[0m   [0mCREATE UNIQUE INDEX "unique_schema_migrations" ON "schema_migrations" ("version")[0m
  [4;36;1mSQL (0.4ms)[0m   [0;1m SELECT name
 FROM sqlite_master
 WHERE type = 'table' AND NOT name = 'sqlite_sequence'
[0m
  [4;35;1mSQL (0.1ms)[0m   [0mSELECT version FROM schema_migrations[0m
Migrating to CreateUsers (20090420202122)
  [4;36;1mSQL (4.6ms)[0m   [0;1mCREATE TABLE "users" ("id" INTEGER PRIMARY KEY AUTOINCREMENT NOT NULL, "netid" varchar(255), "name" varchar(255), "created_at" datetime, "updated_at" datetime) [0m
  [4;35;1mSQL (9.2ms)[0m   [0mINSERT INTO schema_migrations (version) VALUES ('20090420202122')[0m
  [4;36;1mSQL (0.3ms)[0m   [0;1m SELECT name
 FROM sqlite_master
 WHERE type = 'table' AND NOT name = 'sqlite_sequence'
[0m
  [4;35;1mSQL (0.2ms)[0m   [0mSELECT version FROM schema_migrations[0m
  [4;36;1mSQL (0.2ms)[0m   [0;1m SELECT name
 FROM sqlite_master
 WHERE type = 'table' AND NOT name = 'sqlite_sequence'
[0m
  [4;35;1mSQL (0.1ms)[0m   [0mPRAGMA index_list("users")[0m
  [4;36;1mSQL (0.6ms)[0m   [0;1m SELECT name
 FROM sqlite_master
 WHERE type = 'table' AND NOT name = 'sqlite_sequence'
[0m
  [4;36;1mSQL (0.6ms)[0m   [0;1m SELECT name
 FROM sqlite_master
 WHERE type = 'table' AND NOT name = 'sqlite_sequence'
[0m


Processing UsersController#index (for 127.0.0.1 at 2009-04-20 16:31:25) [GET]
  [4;36;1mUser Load (0.6ms)[0m   [0;1mSELECT * FROM "users" [0m
Rendering template within layouts/application
Rendering users/index
Completed in 22ms (View: 14, DB: 1) | 200 OK [http://localhost/users]


Processing UsersController#new (for 127.0.0.1 at 2009-04-20 16:31:33) [GET]
Rendering template within layouts/application
Rendering users/new
Rendered users/_form (3.7ms)
Completed in 16ms (View: 9, DB: 0) | 200 OK [http://localhost/users/new]


Processing UsersController#create (for 127.0.0.1 at 2009-04-20 16:31:39) [POST]
  Parameters: {"commit"=>"Submit", "authenticity_token"=>"5ba3d8edfbe04eb63fd7ae00ee829e17d2ec4e90", "user"=>{"name"=>"Harley Trung", "netid"=>"dtt22"}}
  [4;35;1mUser Create (0.7ms)[0m   [0mINSERT INTO "users" ("name", "created_at", "updated_at", "netid") VALUES('Harley Trung', '2009-04-20 20:31:39', '2009-04-20 20:31:39', 'dtt22')[0m
Redirected to #<User:0xb70fa598>
Completed in 32ms (DB: 1) | 302 Found [http://localhost/users]


Processing UsersController#show (for 127.0.0.1 at 2009-04-20 16:31:39) [GET]
  Parameters: {"id"=>"1"}
  [4;36;1mUser Load (0.7ms)[0m   [0;1mSELECT * FROM "users" WHERE ("users"."id" = 1) [0m
Rendering template within layouts/application
Rendering users/show
Completed in 27ms (View: 11, DB: 1) | 200 OK [http://localhost/users/1]


Processing UsersController#index (for 127.0.0.1 at 2009-04-20 16:31:42) [GET]
  [4;35;1mUser Load (1.0ms)[0m   [0mSELECT * FROM "users" [0m
Rendering template within layouts/application
Rendering users/index
Completed in 26ms (View: 13, DB: 1) | 200 OK [http://localhost/users]
  [4;36;1mSQL (0.6ms)[0m   [0;1m SELECT name
 FROM sqlite_master
 WHERE type = 'table' AND NOT name = 'sqlite_sequence'
[0m
  [4;35;1mSQL (0.2ms)[0m   [0mSELECT version FROM schema_migrations[0m
Migrating to CreateUsers (20090420202122)
Migrating to CreateComments (20090420203850)
  [4;36;1mSQL (0.2ms)[0m   [0;1mselect sqlite_version(*)[0m
  [4;35;1mSQL (4.5ms)[0m   [0mCREATE TABLE "comments" ("id" INTEGER PRIMARY KEY AUTOINCREMENT NOT NULL, "title" varchar(255), "user_id" integer, "body" text, "created_at" datetime, "updated_at" datetime) [0m
  [4;36;1mSQL (5.1ms)[0m   [0;1mINSERT INTO schema_migrations (version) VALUES ('20090420203850')[0m
  [4;35;1mSQL (0.5ms)[0m   [0m SELECT name
 FROM sqlite_master
 WHERE type = 'table' AND NOT name = 'sqlite_sequence'
[0m
  [4;36;1mSQL (0.2ms)[0m   [0;1mSELECT version FROM schema_migrations[0m
  [4;35;1mSQL (0.3ms)[0m   [0m SELECT name
 FROM sqlite_master
 WHERE type = 'table' AND NOT name = 'sqlite_sequence'
[0m
  [4;36;1mSQL (0.1ms)[0m   [0;1mPRAGMA index_list("comments")[0m
  [4;35;1mSQL (0.1ms)[0m   [0mPRAGMA index_list("users")[0m


Processing CommentsController#index (for 127.0.0.1 at 2009-04-20 16:42:48) [GET]
  [4;36;1mComment Load (0.4ms)[0m   [0;1mSELECT * FROM "comments" [0m
Rendering template within layouts/application
Rendering comments/index
Completed in 11ms (View: 4, DB: 0) | 200 OK [http://localhost/comments]


Processing CommentsController#new (for 127.0.0.1 at 2009-04-20 16:43:03) [GET]
Rendering template within layouts/application
Rendering comments/new
Rendered comments/_form (3.3ms)
Completed in 17ms (View: 9, DB: 0) | 200 OK [http://localhost/comments/new]


Processing CommentsController#create (for 127.0.0.1 at 2009-04-20 16:43:32) [POST]
  Parameters: {"comment"=>{"body"=>"he talks a lot", "title"=>"This kid is cool", "user_id"=>"1"}, "commit"=>"Submit", "authenticity_token"=>"5ba3d8edfbe04eb63fd7ae00ee829e17d2ec4e90"}
  [4;35;1mComment Create (0.6ms)[0m   [0mINSERT INTO "comments" ("created_at", "title", "body", "updated_at", "user_id") VALUES('2009-04-20 20:43:32', 'This kid is cool', 'he talks a lot', '2009-04-20 20:43:32', 1)[0m
Redirected to #<Comment:0xb6e051bc>
Completed in 101ms (DB: 1) | 302 Found [http://localhost/comments]


Processing CommentsController#show (for 127.0.0.1 at 2009-04-20 16:43:32) [GET]
  Parameters: {"id"=>"1"}
  [4;36;1mComment Load (0.4ms)[0m   [0;1mSELECT * FROM "comments" WHERE ("comments"."id" = 1) [0m
Rendering template within layouts/application
Rendering comments/show
Completed in 15ms (View: 7, DB: 0) | 200 OK [http://localhost/comments/1]


Processing CommentsController#index (for 127.0.0.1 at 2009-04-20 16:43:35) [GET]
  [4;35;1mComment Load (0.7ms)[0m   [0mSELECT * FROM "comments" [0m
Rendering template within layouts/application
Rendering comments/index
Completed in 15ms (View: 8, DB: 1) | 200 OK [http://localhost/comments]


Processing CommentsController#show (for 127.0.0.1 at 2009-04-20 16:44:18) [GET]
  Parameters: {"id"=>"1"}
  [4;36;1mComment Load (0.6ms)[0m   [0;1mSELECT * FROM "comments" WHERE ("comments"."id" = 1) [0m
Rendering template within layouts/application
Rendering comments/show
Completed in 27ms (View: 12, DB: 1) | 200 OK [http://localhost/comments/1]


Processing ApplicationController#index (for 127.0.0.1 at 2009-04-20 16:45:01) [GET]


ActionController::RoutingError (No route matches "/" with {:method=>:get}):
    /usr/lib/ruby/gems/1.8/gems/actionpack-2.2.2/lib/action_controller/routing/recognition_optimisation.rb:66:in `recognize_path'
    /usr/lib/ruby/gems/1.8/gems/actionpack-2.2.2/lib/action_controller/routing/route_set.rb:386:in `recognize'
    /usr/lib/ruby/gems/1.8/gems/actionpack-2.2.2/lib/action_controller/dispatcher.rb:182:in `handle_request'
    /usr/lib/ruby/gems/1.8/gems/actionpack-2.2.2/lib/action_controller/dispatcher.rb:110:in `dispatch_unlocked'
    /usr/lib/ruby/gems/1.8/gems/actionpack-2.2.2/lib/action_controller/dispatcher.rb:123:in `dispatch'
    /usr/lib/ruby/gems/1.8/gems/actionpack-2.2.2/lib/action_controller/dispatcher.rb:122:in `synchronize'
    /usr/lib/ruby/gems/1.8/gems/actionpack-2.2.2/lib/action_controller/dispatcher.rb:122:in `dispatch'
    /usr/lib/ruby/gems/1.8/gems/actionpack-2.2.2/lib/action_controller/dispatcher.rb:132:in `dispatch_cgi'
    /usr/lib/ruby/gems/1.8/gems/actionpack-2.2.2/lib/action_controller/dispatcher.rb:39:in `dispatch'
    /usr/lib/ruby/gems/1.8/gems/rails-2.2.2/lib/webrick_server.rb:103:in `handle_dispatch'
    /usr/lib/ruby/gems/1.8/gems/rails-2.2.2/lib/webrick_server.rb:74:in `service'
    /usr/lib/ruby/1.8/webrick/httpserver.rb:104:in `service'
    /usr/lib/ruby/1.8/webrick/httpserver.rb:65:in `run'
    /usr/lib/ruby/1.8/webrick/server.rb:173:in `start_thread'
    /usr/lib/ruby/1.8/webrick/server.rb:162:in `start'
    /usr/lib/ruby/1.8/webrick/server.rb:162:in `start_thread'
    /usr/lib/ruby/1.8/webrick/server.rb:95:in `start'
    /usr/lib/ruby/1.8/webrick/server.rb:92:in `each'
    /usr/lib/ruby/1.8/webrick/server.rb:92:in `start'
    /usr/lib/ruby/1.8/webrick/server.rb:23:in `start'
    /usr/lib/ruby/1.8/webrick/server.rb:82:in `start'
    /usr/lib/ruby/gems/1.8/gems/rails-2.2.2/lib/webrick_server.rb:60:in `dispatch'
    /usr/lib/ruby/gems/1.8/gems/rails-2.2.2/lib/commands/servers/webrick.rb:66
    /usr/local/lib/site_ruby/1.8/rubygems/custom_require.rb:31:in `gem_original_require'
    /usr/local/lib/site_ruby/1.8/rubygems/custom_require.rb:31:in `require'
    /usr/lib/ruby/gems/1.8/gems/activesupport-2.2.2/lib/active_support/dependencies.rb:153:in `require'
    /usr/lib/ruby/gems/1.8/gems/activesupport-2.2.2/lib/active_support/dependencies.rb:521:in `new_constants_in'
    /usr/lib/ruby/gems/1.8/gems/activesupport-2.2.2/lib/active_support/dependencies.rb:153:in `require'
    /usr/lib/ruby/gems/1.8/gems/rails-2.2.2/lib/commands/server.rb:49
    /usr/local/lib/site_ruby/1.8/rubygems/custom_require.rb:31:in `gem_original_require'
    /usr/local/lib/site_ruby/1.8/rubygems/custom_require.rb:31:in `require'
    script/server:3

Rendering /usr/lib/ruby/gems/1.8/gems/actionpack-2.2.2/lib/action_controller/templates/rescues/layout.erb (not_found)


Processing UsersController#index (for 127.0.0.1 at 2009-04-20 16:47:28) [GET]
  [4;35;1mUser Load (0.6ms)[0m   [0mSELECT * FROM "users" [0m
Rendering template within layouts/application
Rendering users/index
Completed in 15ms (View: 8, DB: 1) | 200 OK [http://localhost/]


Processing UsersController#index (for 127.0.0.1 at 2009-04-20 16:51:51) [GET]
  [4;36;1mUser Load (0.6ms)[0m   [0;1mSELECT * FROM "users" [0m
Rendering template within layouts/application
Rendering users/index
Completed in 106ms (View: 92, DB: 1) | 200 OK [http://localhost/]


Processing CommentsController#index (for 127.0.0.1 at 2009-04-20 16:51:57) [GET]
  [4;35;1mComment Load (0.9ms)[0m   [0mSELECT * FROM "comments" [0m
Rendering template within layouts/application
Rendering comments/index
Completed in 22ms (View: 14, DB: 1) | 200 OK [http://localhost/comments]


Processing UsersController#index (for 127.0.0.1 at 2009-04-20 17:00:44) [GET]
  [4;36;1mUser Load (0.7ms)[0m   [0;1mSELECT * FROM "users" [0m
Rendering template within layouts/application
Rendering users/index
Completed in 43ms (View: 9, DB: 1) | 200 OK [http://localhost/]


Processing UsersController#show (for 127.0.0.1 at 2009-04-20 17:00:52) [GET]
  Parameters: {"id"=>"1"}
  [4;35;1mUser Load (0.4ms)[0m   [0mSELECT * FROM "users" WHERE ("users"."id" = 1) [0m
Rendering template within layouts/application
Rendering users/show
  [4;36;1mComment Load (0.4ms)[0m   [0;1mSELECT * FROM "comments" WHERE ("comments".user_id = 1) LIMIT 1[0m
  [4;35;1mCACHE (0.0ms)[0m   [0mSELECT * FROM "comments" WHERE ("comments".user_id = 1) LIMIT 1[0m
Completed in 23ms (View: 15, DB: 0) | 200 OK [http://localhost/users/1]


Processing CommentsController#index (for 127.0.0.1 at 2009-04-20 17:01:07) [GET]
  [4;36;1mComment Load (0.7ms)[0m   [0;1mSELECT * FROM "comments" [0m
Rendering template within layouts/application
Rendering comments/index
Completed in 22ms (View: 10, DB: 1) | 200 OK [http://localhost/comments]


Processing CommentsController#edit (for 127.0.0.1 at 2009-04-20 17:01:11) [GET]
  Parameters: {"id"=>"1"}
  [4;35;1mComment Load (0.6ms)[0m   [0mSELECT * FROM "comments" WHERE ("comments"."id" = 1) [0m
Rendering template within layouts/application
Rendering comments/edit
Rendered comments/_form (7.1ms)
Completed in 35ms (View: 18, DB: 1) | 200 OK [http://localhost/comments/1/edit]


Processing CommentsController#update (for 127.0.0.1 at 2009-04-20 17:01:19) [PUT]
  Parameters: {"comment"=>{"body"=>"he talks a lot\r\nhe talks a lothe talks a lothe talks a lothe talks a lot\r\nhe talks a lothe talks a lothe talks a lothe talks a lotv\r\nhe talks a lothe talks a lothe talks a lothe talks a lothe talks a lothe talks a lothe talks a lothe talks a lot\r\nvhe talks a lothe talks a lothe talks a lot", "title"=>"This kid is cool", "user_id"=>"1"}, "commit"=>"Submit", "authenticity_token"=>"5ba3d8edfbe04eb63fd7ae00ee829e17d2ec4e90", "id"=>"1"}
  [4;36;1mComment Load (0.4ms)[0m   [0;1mSELECT * FROM "comments" WHERE ("comments"."id" = 1) [0m
  [4;35;1mComment Update (0.5ms)[0m   [0mUPDATE "comments" SET "updated_at" = '2009-04-20 21:01:19', "body" = 'he talks a lot
he talks a lothe talks a lothe talks a lothe talks a lot
he talks a lothe talks a lothe talks a lothe talks a lotv
he talks a lothe talks a lothe talks a lothe talks a lothe talks a lothe talks a lothe talks a lothe talks a lot
vhe talks a lothe talks a lothe talks a lot' WHERE "id" = 1[0m
Redirected to #<Comment:0xb6e73f2c>
Completed in 19ms (DB: 1) | 302 Found [http://localhost/comments/1]


Processing CommentsController#show (for 127.0.0.1 at 2009-04-20 17:01:19) [GET]
  Parameters: {"id"=>"1"}
  [4;36;1mComment Load (0.4ms)[0m   [0;1mSELECT * FROM "comments" WHERE ("comments"."id" = 1) [0m
Rendering template within layouts/application
Rendering comments/show
Completed in 17ms (View: 7, DB: 0) | 200 OK [http://localhost/comments/1]


Processing UsersController#show (for 127.0.0.1 at 2009-04-20 17:01:24) [GET]
  Parameters: {"id"=>"1"}
  [4;35;1mUser Load (0.7ms)[0m   [0mSELECT * FROM "users" WHERE ("users"."id" = 1) [0m
Rendering template within layouts/application
Rendering users/show
  [4;36;1mComment Load (0.4ms)[0m   [0;1mSELECT * FROM "comments" WHERE ("comments".user_id = 1) LIMIT 1[0m
  [4;35;1mCACHE (0.0ms)[0m   [0mSELECT * FROM "comments" WHERE ("comments".user_id = 1) LIMIT 1[0m
Completed in 32ms (View: 15, DB: 1) | 200 OK [http://localhost/users/1]


Processing UsersController#show (for 127.0.0.1 at 2009-04-20 17:01:36) [GET]
  Parameters: {"id"=>"1"}
  [4;36;1mUser Load (0.5ms)[0m   [0;1mSELECT * FROM "users" WHERE ("users"."id" = 1) [0m
Rendering template within layouts/application
Rendering users/show
  [4;35;1mComment Load (0.4ms)[0m   [0mSELECT * FROM "comments" WHERE ("comments".user_id = 1) LIMIT 1[0m
  [4;36;1mCACHE (0.0ms)[0m   [0;1mSELECT * FROM "comments" WHERE ("comments".user_id = 1) LIMIT 1[0m
Completed in 43ms (View: 22, DB: 0) | 200 OK [http://localhost/users/1]


Processing UsersController#show (for 127.0.0.1 at 2009-04-20 17:01:38) [GET]
  Parameters: {"id"=>"1"}
  [4;35;1mUser Load (0.6ms)[0m   [0mSELECT * FROM "users" WHERE ("users"."id" = 1) [0m
Rendering template within layouts/application
Rendering users/show
  [4;36;1mComment Load (0.8ms)[0m   [0;1mSELECT * FROM "comments" WHERE ("comments".user_id = 1) LIMIT 1[0m
  [4;35;1mCACHE (0.0ms)[0m   [0mSELECT * FROM "comments" WHERE ("comments".user_id = 1) LIMIT 1[0m
Completed in 42ms (View: 26, DB: 1) | 200 OK [http://localhost/users/1]


Processing UsersController#show (for 127.0.0.1 at 2009-04-20 17:04:32) [GET]
  Parameters: {"id"=>"1"}
  [4;36;1mUser Load (0.5ms)[0m   [0;1mSELECT * FROM "users" WHERE ("users"."id" = 1) [0m
Rendering template within layouts/application
Rendering users/show
  [4;35;1mComment Load (0.5ms)[0m   [0mSELECT * FROM "comments" WHERE ("comments".user_id = 1) [0m
Completed in 24ms (View: 15, DB: 0) | 200 OK [http://localhost/users/1]


Processing CommentsController#index (for 127.0.0.1 at 2009-04-20 17:04:40) [GET]
  [4;36;1mComment Load (1.2ms)[0m   [0;1mSELECT * FROM "comments" [0m
Rendering template within layouts/application
Rendering comments/index
Completed in 22ms (View: 8, DB: 1) | 200 OK [http://localhost/comments]


Processing CommentsController#new (for 127.0.0.1 at 2009-04-20 17:04:41) [GET]
Rendering template within layouts/application
Rendering comments/new
Rendered comments/_form (3.7ms)
Completed in 17ms (View: 9, DB: 0) | 200 OK [http://localhost/comments/new]


Processing CommentsController#create (for 127.0.0.1 at 2009-04-20 17:04:54) [POST]
  Parameters: {"comment"=>{"body"=>"askdlasda\r\nsd\r\nasd\r\nasd\r\nas\r\ndas\r\nda\r\nsd\r\nasd\r\nas\r\n", "title"=>"Yet Another Comment", "user_id"=>"1"}, "commit"=>"Submit", "authenticity_token"=>"5ba3d8edfbe04eb63fd7ae00ee829e17d2ec4e90"}
  [4;35;1mComment Create (0.3ms)[0m   [0mINSERT INTO "comments" ("created_at", "title", "body", "updated_at", "user_id") VALUES('2009-04-20 21:04:54', 'Yet Another Comment', 'askdlasda
sd
asd
asd
as
das
da
sd
asd
as
', '2009-04-20 21:04:54', 1)[0m
Redirected to #<Comment:0xb70f13f8>
Completed in 18ms (DB: 0) | 302 Found [http://localhost/comments]


Processing CommentsController#show (for 127.0.0.1 at 2009-04-20 17:04:54) [GET]
  Parameters: {"id"=>"2"}
  [4;36;1mComment Load (0.3ms)[0m   [0;1mSELECT * FROM "comments" WHERE ("comments"."id" = 2) [0m
Rendering template within layouts/application
Rendering comments/show
Completed in 15ms (View: 6, DB: 0) | 200 OK [http://localhost/comments/2]


Processing CommentsController#index (for 127.0.0.1 at 2009-04-20 17:04:57) [GET]
  [4;35;1mComment Load (0.8ms)[0m   [0mSELECT * FROM "comments" [0m
Rendering template within layouts/application
Rendering comments/index
Completed in 20ms (View: 13, DB: 1) | 200 OK [http://localhost/comments]


Processing UsersController#show (for 127.0.0.1 at 2009-04-20 17:05:01) [GET]
  Parameters: {"id"=>"1"}
  [4;36;1mUser Load (0.7ms)[0m   [0;1mSELECT * FROM "users" WHERE ("users"."id" = 1) [0m
Rendering template within layouts/application
Rendering users/show
  [4;35;1mComment Load (0.9ms)[0m   [0mSELECT * FROM "comments" WHERE ("comments".user_id = 1) [0m
Completed in 42ms (View: 26, DB: 1) | 200 OK [http://localhost/users/1]
